c:\users\syuilo\documents\visual studio 2013\projects\after_effects_cs5_sdk_win\adobe after effects cs5 win sdk\examples\template\glitch\win\x64\debug\glitch.bsc
c:\users\syuilo\documents\visual studio 2013\projects\after_effects_cs5_sdk_win\adobe after effects cs5 win sdk\examples\template\glitch\win\debug\vc120.pdb
c:\users\syuilo\documents\visual studio 2013\projects\after_effects_cs5_sdk_win\adobe after effects cs5 win sdk\examples\template\glitch\win\x64\debug\aegp_suitehandler.sbr
c:\users\syuilo\documents\visual studio 2013\projects\after_effects_cs5_sdk_win\adobe after effects cs5 win sdk\examples\template\glitch\win\x64\debug\glitch.sbr
c:\users\syuilo\documents\visual studio 2013\projects\after_effects_cs5_sdk_win\adobe after effects cs5 win sdk\examples\template\glitch\win\x64\debug\glitch_strings.sbr
c:\users\syuilo\documents\visual studio 2013\projects\after_effects_cs5_sdk_win\adobe after effects cs5 win sdk\examples\template\glitch\win\debug\glitch_strings.obj
c:\users\syuilo\documents\visual studio 2013\projects\after_effects_cs5_sdk_win\adobe after effects cs5 win sdk\examples\template\glitch\win\debug\glitch_strings.asm
c:\users\syuilo\documents\visual studio 2013\projects\after_effects_cs5_sdk_win\adobe after effects cs5 win sdk\examples\template\glitch\win\debug\glitch.obj
c:\users\syuilo\documents\visual studio 2013\projects\after_effects_cs5_sdk_win\adobe after effects cs5 win sdk\examples\template\glitch\win\debug\glitch.asm
c:\users\syuilo\documents\visual studio 2013\projects\after_effects_cs5_sdk_win\adobe after effects cs5 win sdk\examples\template\glitch\win\debug\aegp_suitehandler.obj
c:\users\syuilo\documents\visual studio 2013\projects\after_effects_cs5_sdk_win\adobe after effects cs5 win sdk\examples\template\glitch\win\debug\aegp_suitehandler.asm
c:\users\syuilo\documents\visual studio 2013\projects\after_effects_cs5_sdk_win\adobe after effects cs5 win sdk\examples\template\glitch\win\x64\debug\missingsuiteerror.sbr
c:\users\syuilo\documents\visual studio 2013\projects\after_effects_cs5_sdk_win\adobe after effects cs5 win sdk\examples\template\glitch\win\debug\missingsuiteerror.obj
c:\users\syuilo\documents\visual studio 2013\projects\after_effects_cs5_sdk_win\adobe after effects cs5 win sdk\examples\template\glitch\win\debug\missingsuiteerror.asm
c:\users\syuilo\documents\visual studio 2013\projects\after_effects_cs5_sdk_win\adobe after effects cs5 win sdk\examples\template\glitch\win\glitchpipl.rc
c:\users\syuilo\documents\visual studio 2013\projects\after_effects_cs5_sdk_win\adobe after effects cs5 win sdk\examples\template\glitch\win\debug\skeleton.lib
c:\users\syuilo\documents\visual studio 2013\projects\after_effects_cs5_sdk_win\adobe after effects cs5 win sdk\examples\template\glitch\win\debug\skeleton.exp
c:\program files\adobe\adobe after effects cs6\support files\plug-ins\glitch.ilk
c:\program files\adobe\adobe after effects cs6\support files\plug-ins\glitch.aex
c:\users\syuilo\documents\visual studio 2013\projects\after_effects_cs5_sdk_win\adobe after effects cs5 win sdk\examples\template\glitch\win\debug\skeleton.pdb
c:\users\syuilo\documents\visual studio 2013\projects\after_effects_cs5_sdk_win\adobe after effects cs5 win sdk\examples\template\glitch\win\x64\debug\glitchpipl.res
c:\users\syuilo\documents\visual studio 2013\projects\after_effects_cs5_sdk_win\adobe after effects cs5 win sdk\examples\template\glitch\win\x64\debug\glitch.tlog\bscmake.command.1.tlog
c:\users\syuilo\documents\visual studio 2013\projects\after_effects_cs5_sdk_win\adobe after effects cs5 win sdk\examples\template\glitch\win\x64\debug\glitch.tlog\bscmake.read.1.tlog
c:\users\syuilo\documents\visual studio 2013\projects\after_effects_cs5_sdk_win\adobe after effects cs5 win sdk\examples\template\glitch\win\x64\debug\glitch.tlog\bscmake.write.1.tlog
c:\users\syuilo\documents\visual studio 2013\projects\after_effects_cs5_sdk_win\adobe after effects cs5 win sdk\examples\template\glitch\win\x64\debug\glitch.tlog\cl.command.1.tlog
c:\users\syuilo\documents\visual studio 2013\projects\after_effects_cs5_sdk_win\adobe after effects cs5 win sdk\examples\template\glitch\win\x64\debug\glitch.tlog\cl.read.1.tlog
c:\users\syuilo\documents\visual studio 2013\projects\after_effects_cs5_sdk_win\adobe after effects cs5 win sdk\examples\template\glitch\win\x64\debug\glitch.tlog\cl.read.2.tlog
c:\users\syuilo\documents\visual studio 2013\projects\after_effects_cs5_sdk_win\adobe after effects cs5 win sdk\examples\template\glitch\win\x64\debug\glitch.tlog\cl.read.3.tlog
c:\users\syuilo\documents\visual studio 2013\projects\after_effects_cs5_sdk_win\adobe after effects cs5 win sdk\examples\template\glitch\win\x64\debug\glitch.tlog\cl.read.4.tlog
c:\users\syuilo\documents\visual studio 2013\projects\after_effects_cs5_sdk_win\adobe after effects cs5 win sdk\examples\template\glitch\win\x64\debug\glitch.tlog\cl.read.5.tlog
c:\users\syuilo\documents\visual studio 2013\projects\after_effects_cs5_sdk_win\adobe after effects cs5 win sdk\examples\template\glitch\win\x64\debug\glitch.tlog\cl.write.1.tlog
c:\users\syuilo\documents\visual studio 2013\projects\after_effects_cs5_sdk_win\adobe after effects cs5 win sdk\examples\template\glitch\win\x64\debug\glitch.tlog\custombuild.command.1.tlog
c:\users\syuilo\documents\visual studio 2013\projects\after_effects_cs5_sdk_win\adobe after effects cs5 win sdk\examples\template\glitch\win\x64\debug\glitch.tlog\custombuild.read.1.tlog
c:\users\syuilo\documents\visual studio 2013\projects\after_effects_cs5_sdk_win\adobe after effects cs5 win sdk\examples\template\glitch\win\x64\debug\glitch.tlog\custombuild.write.1.tlog
c:\users\syuilo\documents\visual studio 2013\projects\after_effects_cs5_sdk_win\adobe after effects cs5 win sdk\examples\template\glitch\win\x64\debug\glitch.tlog\glitch.write.1u.tlog
c:\users\syuilo\documents\visual studio 2013\projects\after_effects_cs5_sdk_win\adobe after effects cs5 win sdk\examples\template\glitch\win\x64\debug\glitch.tlog\link.command.1.tlog
c:\users\syuilo\documents\visual studio 2013\projects\after_effects_cs5_sdk_win\adobe after effects cs5 win sdk\examples\template\glitch\win\x64\debug\glitch.tlog\link.read.1.tlog
c:\users\syuilo\documents\visual studio 2013\projects\after_effects_cs5_sdk_win\adobe after effects cs5 win sdk\examples\template\glitch\win\x64\debug\glitch.tlog\link.write.1.tlog
c:\users\syuilo\documents\visual studio 2013\projects\after_effects_cs5_sdk_win\adobe after effects cs5 win sdk\examples\template\glitch\win\x64\debug\glitch.tlog\rc.command.1.tlog
c:\users\syuilo\documents\visual studio 2013\projects\after_effects_cs5_sdk_win\adobe after effects cs5 win sdk\examples\template\glitch\win\x64\debug\glitch.tlog\rc.read.1.tlog
c:\users\syuilo\documents\visual studio 2013\projects\after_effects_cs5_sdk_win\adobe after effects cs5 win sdk\examples\template\glitch\win\x64\debug\glitch.tlog\rc.write.1.tlog
