c:\users\syuilo\documents\visual studio 2013\projects\after_effects_cs5_sdk_win\adobe after effects cs5 win sdk\examples\template\moonface\win\x64\debug\moonface.bsc
c:\users\syuilo\documents\visual studio 2013\projects\after_effects_cs5_sdk_win\adobe after effects cs5 win sdk\examples\template\moonface\win\debug\vc120.pdb
c:\users\syuilo\documents\visual studio 2013\projects\after_effects_cs5_sdk_win\adobe after effects cs5 win sdk\examples\template\moonface\win\x64\debug\aegp_suitehandler.sbr
c:\users\syuilo\documents\visual studio 2013\projects\after_effects_cs5_sdk_win\adobe after effects cs5 win sdk\examples\template\moonface\win\x64\debug\moonface.sbr
c:\users\syuilo\documents\visual studio 2013\projects\after_effects_cs5_sdk_win\adobe after effects cs5 win sdk\examples\template\moonface\win\x64\debug\moonface_strings.sbr
c:\users\syuilo\documents\visual studio 2013\projects\after_effects_cs5_sdk_win\adobe after effects cs5 win sdk\examples\template\moonface\win\debug\moonface_strings.obj
c:\users\syuilo\documents\visual studio 2013\projects\after_effects_cs5_sdk_win\adobe after effects cs5 win sdk\examples\template\moonface\win\debug\moonface_strings.asm
c:\users\syuilo\documents\visual studio 2013\projects\after_effects_cs5_sdk_win\adobe after effects cs5 win sdk\examples\template\moonface\win\debug\moonface.obj
c:\users\syuilo\documents\visual studio 2013\projects\after_effects_cs5_sdk_win\adobe after effects cs5 win sdk\examples\template\moonface\win\debug\moonface.asm
c:\users\syuilo\documents\visual studio 2013\projects\after_effects_cs5_sdk_win\adobe after effects cs5 win sdk\examples\template\moonface\win\debug\aegp_suitehandler.obj
c:\users\syuilo\documents\visual studio 2013\projects\after_effects_cs5_sdk_win\adobe after effects cs5 win sdk\examples\template\moonface\win\debug\aegp_suitehandler.asm
c:\users\syuilo\documents\visual studio 2013\projects\after_effects_cs5_sdk_win\adobe after effects cs5 win sdk\examples\template\moonface\win\x64\debug\missingsuiteerror.sbr
c:\users\syuilo\documents\visual studio 2013\projects\after_effects_cs5_sdk_win\adobe after effects cs5 win sdk\examples\template\moonface\win\debug\missingsuiteerror.obj
c:\users\syuilo\documents\visual studio 2013\projects\after_effects_cs5_sdk_win\adobe after effects cs5 win sdk\examples\template\moonface\win\debug\missingsuiteerror.asm
c:\users\syuilo\documents\visual studio 2013\projects\after_effects_cs5_sdk_win\adobe after effects cs5 win sdk\examples\template\moonface\win\moonfacepipl.rc
c:\program files\adobe\adobe after effects cs6\support files\plug-ins\moonface.ilk
c:\program files\adobe\adobe after effects cs6\support files\plug-ins\moonface.aex
c:\users\syuilo\documents\visual studio 2013\projects\after_effects_cs5_sdk_win\adobe after effects cs5 win sdk\examples\template\moonface\win\debug\skeleton.pdb
c:\users\syuilo\documents\visual studio 2013\projects\after_effects_cs5_sdk_win\adobe after effects cs5 win sdk\examples\template\moonface\win\debug\skeleton.lib
c:\users\syuilo\documents\visual studio 2013\projects\after_effects_cs5_sdk_win\adobe after effects cs5 win sdk\examples\template\moonface\win\debug\skeleton.exp
c:\users\syuilo\documents\visual studio 2013\projects\after_effects_cs5_sdk_win\adobe after effects cs5 win sdk\examples\template\moonface\win\x64\debug\moonfacepipl.res
c:\users\syuilo\documents\visual studio 2013\projects\after_effects_cs5_sdk_win\adobe after effects cs5 win sdk\examples\template\moonface\win\x64\debug\moonface.tlog\bscmake.command.1.tlog
c:\users\syuilo\documents\visual studio 2013\projects\after_effects_cs5_sdk_win\adobe after effects cs5 win sdk\examples\template\moonface\win\x64\debug\moonface.tlog\bscmake.read.1.tlog
c:\users\syuilo\documents\visual studio 2013\projects\after_effects_cs5_sdk_win\adobe after effects cs5 win sdk\examples\template\moonface\win\x64\debug\moonface.tlog\bscmake.write.1.tlog
c:\users\syuilo\documents\visual studio 2013\projects\after_effects_cs5_sdk_win\adobe after effects cs5 win sdk\examples\template\moonface\win\x64\debug\moonface.tlog\cl.command.1.tlog
c:\users\syuilo\documents\visual studio 2013\projects\after_effects_cs5_sdk_win\adobe after effects cs5 win sdk\examples\template\moonface\win\x64\debug\moonface.tlog\cl.read.1.tlog
c:\users\syuilo\documents\visual studio 2013\projects\after_effects_cs5_sdk_win\adobe after effects cs5 win sdk\examples\template\moonface\win\x64\debug\moonface.tlog\cl.read.2.tlog
c:\users\syuilo\documents\visual studio 2013\projects\after_effects_cs5_sdk_win\adobe after effects cs5 win sdk\examples\template\moonface\win\x64\debug\moonface.tlog\cl.read.3.tlog
c:\users\syuilo\documents\visual studio 2013\projects\after_effects_cs5_sdk_win\adobe after effects cs5 win sdk\examples\template\moonface\win\x64\debug\moonface.tlog\cl.read.4.tlog
c:\users\syuilo\documents\visual studio 2013\projects\after_effects_cs5_sdk_win\adobe after effects cs5 win sdk\examples\template\moonface\win\x64\debug\moonface.tlog\cl.read.5.tlog
c:\users\syuilo\documents\visual studio 2013\projects\after_effects_cs5_sdk_win\adobe after effects cs5 win sdk\examples\template\moonface\win\x64\debug\moonface.tlog\cl.write.1.tlog
c:\users\syuilo\documents\visual studio 2013\projects\after_effects_cs5_sdk_win\adobe after effects cs5 win sdk\examples\template\moonface\win\x64\debug\moonface.tlog\custombuild.command.1.tlog
c:\users\syuilo\documents\visual studio 2013\projects\after_effects_cs5_sdk_win\adobe after effects cs5 win sdk\examples\template\moonface\win\x64\debug\moonface.tlog\custombuild.read.1.tlog
c:\users\syuilo\documents\visual studio 2013\projects\after_effects_cs5_sdk_win\adobe after effects cs5 win sdk\examples\template\moonface\win\x64\debug\moonface.tlog\custombuild.write.1.tlog
c:\users\syuilo\documents\visual studio 2013\projects\after_effects_cs5_sdk_win\adobe after effects cs5 win sdk\examples\template\moonface\win\x64\debug\moonface.tlog\link.command.1.tlog
c:\users\syuilo\documents\visual studio 2013\projects\after_effects_cs5_sdk_win\adobe after effects cs5 win sdk\examples\template\moonface\win\x64\debug\moonface.tlog\link.read.1.tlog
c:\users\syuilo\documents\visual studio 2013\projects\after_effects_cs5_sdk_win\adobe after effects cs5 win sdk\examples\template\moonface\win\x64\debug\moonface.tlog\link.write.1.tlog
c:\users\syuilo\documents\visual studio 2013\projects\after_effects_cs5_sdk_win\adobe after effects cs5 win sdk\examples\template\moonface\win\x64\debug\moonface.tlog\moonface.write.1u.tlog
c:\users\syuilo\documents\visual studio 2013\projects\after_effects_cs5_sdk_win\adobe after effects cs5 win sdk\examples\template\moonface\win\x64\debug\moonface.tlog\rc.command.1.tlog
c:\users\syuilo\documents\visual studio 2013\projects\after_effects_cs5_sdk_win\adobe after effects cs5 win sdk\examples\template\moonface\win\x64\debug\moonface.tlog\rc.read.1.tlog
c:\users\syuilo\documents\visual studio 2013\projects\after_effects_cs5_sdk_win\adobe after effects cs5 win sdk\examples\template\moonface\win\x64\debug\moonface.tlog\rc.write.1.tlog
